<?xml version="1.0" encoding="UTF-8"?>
<testsuite name="edu.bsu.cs222.URLEncoderTest" tests="1" skipped="0" failures="0" errors="0" timestamp="2021-09-26T18:29:57" hostname="LAPTOP-L6S16H2U" time="0.001">
  <properties/>
  <testcase name="buildUrlWithUserInput()" classname="edu.bsu.cs222.URLEncoderTest" time="0.001"/>
  <system-out><![CDATA[]]></system-out>
  <system-err><![CDATA[]]></system-err>
</testsuite>
