<?xml version="1.0" encoding="UTF-8"?>
<testsuite name="edu.bsu.cs222.WikipediaRevisionParserTest" tests="3" skipped="0" failures="0" errors="0" timestamp="2021-09-26T18:29:57" hostname="LAPTOP-L6S16H2U" time="0.016">
  <properties/>
  <testcase name="testParseForRevisionTimeStamp()" classname="edu.bsu.cs222.WikipediaRevisionParserTest" time="0.003"/>
  <testcase name="testParseForRevisionUser()" classname="edu.bsu.cs222.WikipediaRevisionParserTest" time="0.002"/>
  <testcase name="testParseForAmountOfRevisions()" classname="edu.bsu.cs222.WikipediaRevisionParserTest" time="0.009"/>
  <system-out><![CDATA[]]></system-out>
  <system-err><![CDATA[]]></system-err>
</testsuite>
