<?xml version="1.0" encoding="UTF-8"?>
<testsuite name="edu.bsu.cs222.RevisionFormatterTest" tests="1" skipped="0" failures="0" errors="0" timestamp="2021-09-26T18:29:57" hostname="LAPTOP-L6S16H2U" time="0.095">
  <properties/>
  <testcase name="FormatRevision()" classname="edu.bsu.cs222.RevisionFormatterTest" time="0.095"/>
  <system-out><![CDATA[]]></system-out>
  <system-err><![CDATA[SLF4J: Failed to load class "org.slf4j.impl.StaticLoggerBinder".
SLF4J: Defaulting to no-operation (NOP) logger implementation
SLF4J: See http://www.slf4j.org/codes.html#StaticLoggerBinder for further details.
]]></system-err>
</testsuite>
